[debug] [2020-06-28T15:15:12.645Z] ----------------------------------------------------------------------
[debug] [2020-06-28T15:15:12.647Z] Command:       C:\Program Files\nodejs\node.exe C:\Users\Viet Nguyen\AppData\Roaming\npm\node_modules\firebase-tools\lib\bin\firebase.js deploy --only hosting:nuoica
[debug] [2020-06-28T15:15:12.647Z] CLI Version:   8.4.0
[debug] [2020-06-28T15:15:12.648Z] Platform:      win32
[debug] [2020-06-28T15:15:12.648Z] Node Version:  v12.16.3
[debug] [2020-06-28T15:15:12.649Z] Time:          Sun Jun 28 2020 22:15:12 GMT+0700 (Indochina Time)
[debug] [2020-06-28T15:15:12.649Z] ----------------------------------------------------------------------
[debug] [2020-06-28T15:15:12.649Z] 
[debug] [2020-06-28T15:15:12.663Z] > command requires scopes: ["email","openid","https://www.googleapis.com/auth/cloudplatformprojects.readonly","https://www.googleapis.com/auth/firebase","https://www.googleapis.com/auth/cloud-platform"]
[debug] [2020-06-28T15:15:12.664Z] > authorizing via signed-in user
[debug] [2020-06-28T15:15:12.665Z] [iam] checking project season-plan2 for permissions ["firebase.projects.get","firebasehosting.sites.update"]
[debug] [2020-06-28T15:15:12.670Z] >>> HTTP REQUEST POST https://cloudresourcemanager.googleapis.com/v1/projects/season-plan2:testIamPermissions  
 {"permissions":["firebase.projects.get","firebasehosting.sites.update"]}
[debug] [2020-06-28T15:15:13.891Z] <<< HTTP RESPONSE 200 {"content-type":"application/json; charset=UTF-8","vary":"X-Origin, Referer, Origin,Accept-Encoding","date":"Sun, 28 Jun 2020 15:15:14 GMT","server":"ESF","cache-control":"private","x-xss-protection":"0","x-frame-options":"SAMEORIGIN","x-content-type-options":"nosniff","server-timing":"gfet4t7; dur=823","alt-svc":"h3-27=\":443\"; ma=2592000,h3-25=\":443\"; ma=2592000,h3-T050=\":443\"; ma=2592000,h3-Q050=\":443\"; ma=2592000,h3-Q046=\":443\"; ma=2592000,h3-Q043=\":443\"; ma=2592000,quic=\":443\"; ma=2592000; v=\"46,43\"","accept-ranges":"none","transfer-encoding":"chunked"}
[debug] [2020-06-28T15:15:13.895Z] >>> HTTP REQUEST GET https://firebase.googleapis.com/v1beta1/projects/season-plan2  
 
[debug] [2020-06-28T15:15:14.580Z] <<< HTTP RESPONSE 200 {"content-type":"application/json; charset=UTF-8","vary":"X-Origin, Referer, Origin,Accept-Encoding","date":"Sun, 28 Jun 2020 15:15:14 GMT","server":"ESF","cache-control":"private","x-xss-protection":"0","x-frame-options":"SAMEORIGIN","x-content-type-options":"nosniff","alt-svc":"h3-27=\":443\"; ma=2592000,h3-25=\":443\"; ma=2592000,h3-T050=\":443\"; ma=2592000,h3-Q050=\":443\"; ma=2592000,h3-Q046=\":443\"; ma=2592000,h3-Q043=\":443\"; ma=2592000,quic=\":443\"; ma=2592000; v=\"46,43\"","accept-ranges":"none","transfer-encoding":"chunked"}
[info] 
[info] === Deploying to 'season-plan2'...
[info] 
[info] i  deploying hosting 
[info] 
[info] +  Deploy complete! 
[info] 
[info] Project Console: https://console.firebase.google.com/project/season-plan2/overview
[debug] [2020-06-28T15:15:14.903Z] TypeError: Cannot read property 'deploys' of undefined
    at C:\Users\Viet Nguyen\AppData\Roaming\npm\node_modules\firebase-tools\lib\deploy\index.js:84:36
    at processTicksAndRejections (internal/process/task_queues.js:97:5)
[error] 
[error] Error: An unexpected error has occurred.
[debug] [2020-06-28T15:16:07.026Z] ----------------------------------------------------------------------
[debug] [2020-06-28T15:16:07.028Z] Command:       C:\Program Files\nodejs\node.exe C:\Users\Viet Nguyen\AppData\Roaming\npm\node_modules\firebase-tools\lib\bin\firebase.js deploy --only hosting:nuoica
[debug] [2020-06-28T15:16:07.029Z] CLI Version:   8.4.0
[debug] [2020-06-28T15:16:07.029Z] Platform:      win32
[debug] [2020-06-28T15:16:07.029Z] Node Version:  v12.16.3
[debug] [2020-06-28T15:16:07.030Z] Time:          Sun Jun 28 2020 22:16:07 GMT+0700 (Indochina Time)
[debug] [2020-06-28T15:16:07.031Z] ----------------------------------------------------------------------
[debug] [2020-06-28T15:16:07.031Z] 
[debug] [2020-06-28T15:16:07.041Z] > command requires scopes: ["email","openid","https://www.googleapis.com/auth/cloudplatformprojects.readonly","https://www.googleapis.com/auth/firebase","https://www.googleapis.com/auth/cloud-platform"]
[debug] [2020-06-28T15:16:07.041Z] > authorizing via signed-in user
[debug] [2020-06-28T15:16:07.042Z] [iam] checking project season-plan2 for permissions ["firebase.projects.get","firebasehosting.sites.update"]
[debug] [2020-06-28T15:16:07.045Z] >>> HTTP REQUEST POST https://cloudresourcemanager.googleapis.com/v1/projects/season-plan2:testIamPermissions  
 {"permissions":["firebase.projects.get","firebasehosting.sites.update"]}
[debug] [2020-06-28T15:16:08.160Z] <<< HTTP RESPONSE 200 {"content-type":"application/json; charset=UTF-8","vary":"X-Origin, Referer, Origin,Accept-Encoding","date":"Sun, 28 Jun 2020 15:16:08 GMT","server":"ESF","cache-control":"private","x-xss-protection":"0","x-frame-options":"SAMEORIGIN","x-content-type-options":"nosniff","server-timing":"gfet4t7; dur=842","alt-svc":"h3-27=\":443\"; ma=2592000,h3-25=\":443\"; ma=2592000,h3-T050=\":443\"; ma=2592000,h3-Q050=\":443\"; ma=2592000,h3-Q046=\":443\"; ma=2592000,h3-Q043=\":443\"; ma=2592000,quic=\":443\"; ma=2592000; v=\"46,43\"","accept-ranges":"none","transfer-encoding":"chunked"}
[debug] [2020-06-28T15:16:08.163Z] >>> HTTP REQUEST GET https://firebase.googleapis.com/v1beta1/projects/season-plan2  
 
[debug] [2020-06-28T15:16:08.606Z] <<< HTTP RESPONSE 200 {"content-type":"application/json; charset=UTF-8","vary":"X-Origin, Referer, Origin,Accept-Encoding","date":"Sun, 28 Jun 2020 15:16:09 GMT","server":"ESF","cache-control":"private","x-xss-protection":"0","x-frame-options":"SAMEORIGIN","x-content-type-options":"nosniff","alt-svc":"h3-27=\":443\"; ma=2592000,h3-25=\":443\"; ma=2592000,h3-T050=\":443\"; ma=2592000,h3-Q050=\":443\"; ma=2592000,h3-Q046=\":443\"; ma=2592000,h3-Q043=\":443\"; ma=2592000,quic=\":443\"; ma=2592000; v=\"46,43\"","accept-ranges":"none","transfer-encoding":"chunked"}
[info] 
[info] === Deploying to 'season-plan2'...
[info] 
[info] i  deploying hosting 
[info] 
[info] +  Deploy complete! 
[info] 
[info] Project Console: https://console.firebase.google.com/project/season-plan2/overview
[debug] [2020-06-28T15:16:12.782Z] TypeError: Cannot read property 'deploys' of undefined
    at C:\Users\Viet Nguyen\AppData\Roaming\npm\node_modules\firebase-tools\lib\deploy\index.js:84:36
    at processTicksAndRejections (internal/process/task_queues.js:97:5)
[error] 
[error] Error: An unexpected error has occurred.
